[1] "Generated random seeds:"
 [1] 90883 11637 32651 14681 72988 34024 10720 94254 61164 71892 48329 45434
[13] 69540 14793 17562 93179
[1] "intacta_r_training"
[1] "Fold 1"
[1] "PB"
[1] "MM"
[1] "EE"
[1] "Maciez"
[1] "pH"
[1] "PAG"
[1] "L"
[1] "a"
[1] "b"
[1] "Fold 2"
[1] "PB"
[1] "MM"
[1] "EE"
[1] "Maciez"
[1] "pH"
[1] "PAG"
[1] "L"
[1] "a"
[1] "b"
[1] "Fold 3"
[1] "PB"
[1] "MM"
[1] "EE"
[1] "Maciez"
[1] "pH"
[1] "PAG"
[1] "L"
[1] "a"
[1] "b"
[1] "Fold 4"
[1] "PB"
[1] "MM"
[1] "EE"
[1] "Maciez"
[1] "pH"
[1] "PAG"
[1] "L"
[1] "a"
[1] "b"
[1] "Fold 5"
[1] "PB"
[1] "MM"
[1] "EE"
[1] "Maciez"
[1] "pH"
[1] "PAG"
[1] "L"
[1] "a"
[1] "b"
[1] "Fold 6"
[1] "PB"
[1] "MM"
[1] "EE"
[1] "Maciez"
[1] "pH"
[1] "PAG"
[1] "L"
[1] "a"
[1] "b"
[1] "Fold 7"
[1] "PB"
[1] "MM"
[1] "EE"
[1] "Maciez"
[1] "pH"
[1] "PAG"
[1] "L"
[1] "a"
[1] "b"
[1] "Fold 8"
[1] "PB"
[1] "MM"
[1] "EE"
[1] "Maciez"
[1] "pH"
[1] "PAG"
[1] "L"
[1] "a"
[1] "b"
[1] "Fold 9"
[1] "PB"
[1] "MM"
[1] "EE"
[1] "Maciez"
[1] "pH"
[1] "PAG"
[1] "L"
[1] "a"
[1] "b"
[1] "Fold 10"
[1] "PB"
[1] "MM"
[1] "EE"
[1] "Maciez"
[1] "pH"
[1] "PAG"
[1] "L"
[1] "a"
[1] "b"
[1] "intacta_rc_training"
[1] "Fold 1"
[1] "PB"
[1] "MM"
[1] "EE"
[1] "Maciez"
[1] "pH"
[1] "PAG"
[1] "L"
[1] "a"
[1] "b"
[1] "Fold 2"
[1] "PB"
[1] "MM"
[1] "EE"
[1] "Maciez"
[1] "pH"
[1] "PAG"
[1] "L"
[1] "a"
[1] "b"
[1] "Fold 3"
[1] "PB"
[1] "MM"
[1] "EE"
[1] "Maciez"
[1] "pH"
[1] "PAG"
[1] "L"
[1] "a"
[1] "b"
[1] "Fold 4"
[1] "PB"
[1] "MM"
[1] "EE"
[1] "Maciez"
[1] "pH"
[1] "PAG"
[1] "L"
[1] "a"
[1] "b"
[1] "Fold 5"
[1] "PB"
[1] "MM"
[1] "EE"
[1] "Maciez"
[1] "pH"
[1] "PAG"
[1] "L"
[1] "a"
[1] "b"
[1] "Fold 6"
[1] "PB"
[1] "MM"
[1] "EE"
[1] "Maciez"
[1] "pH"
[1] "PAG"
[1] "L"
[1] "a"
[1] "b"
[1] "Fold 7"
[1] "PB"
[1] "MM"
[1] "EE"
[1] "Maciez"
[1] "pH"
[1] "PAG"
[1] "L"
[1] "a"
[1] "b"
[1] "Fold 8"
[1] "PB"
[1] "MM"
[1] "EE"
[1] "Maciez"
[1] "pH"
[1] "PAG"
[1] "L"
[1] "a"
[1] "b"
[1] "Fold 9"
[1] "PB"
[1] "MM"
[1] "EE"
[1] "Maciez"
[1] "pH"
[1] "PAG"
[1] "L"
[1] "a"
[1] "b"
[1] "Fold 10"
[1] "PB"
[1] "MM"
[1] "EE"
[1] "Maciez"
[1] "pH"
[1] "PAG"
[1] "L"
[1] "a"
[1] "b"
[1] "intacta_rl_training"
[1] "Fold 1"
[1] "PB"
[1] "MM"
[1] "EE"
[1] "Maciez"
[1] "pH"
[1] "PAG"
[1] "L"
[1] "a"
[1] "b"
[1] "Fold 2"
[1] "PB"
[1] "MM"
[1] "EE"
[1] "Maciez"
[1] "pH"
[1] "PAG"
[1] "L"
[1] "a"
[1] "b"
[1] "Fold 3"
[1] "PB"
[1] "MM"
[1] "EE"
[1] "Maciez"
[1] "pH"
[1] "PAG"
[1] "L"
[1] "a"
[1] "b"
[1] "Fold 4"
[1] "PB"
[1] "MM"
[1] "EE"
[1] "Maciez"
[1] "pH"
[1] "PAG"
[1] "L"
[1] "a"
[1] "b"
[1] "Fold 5"
[1] "PB"
[1] "MM"
[1] "EE"
[1] "Maciez"
[1] "pH"
[1] "PAG"
[1] "L"
[1] "a"
[1] "b"
[1] "Fold 6"
[1] "PB"
[1] "MM"
[1] "EE"
[1] "Maciez"
[1] "pH"
[1] "PAG"
[1] "L"
[1] "a"
[1] "b"
[1] "Fold 7"
[1] "PB"
[1] "MM"
[1] "EE"
[1] "Maciez"
[1] "pH"
[1] "PAG"
[1] "L"
[1] "a"
[1] "b"
[1] "Fold 8"
[1] "PB"
[1] "MM"
[1] "EE"
[1] "Maciez"
[1] "pH"
[1] "PAG"
[1] "L"
[1] "a"
[1] "b"
[1] "Fold 9"
[1] "PB"
[1] "MM"
[1] "EE"
[1] "Maciez"
[1] "pH"
[1] "PAG"
[1] "L"
[1] "a"
[1] "b"
[1] "Fold 10"
[1] "PB"
[1] "MM"
[1] "EE"
[1] "Maciez"
[1] "pH"
[1] "PAG"
[1] "L"
[1] "a"
[1] "b"
[1] "intacta_rcl_training"
[1] "Fold 1"
[1] "PB"
[1] "MM"
[1] "EE"
[1] "Maciez"
[1] "pH"
[1] "PAG"
[1] "L"
[1] "a"
[1] "b"
[1] "Fold 2"
[1] "PB"
[1] "MM"
[1] "EE"
[1] "Maciez"
[1] "pH"
[1] "PAG"
[1] "L"
[1] "a"
[1] "b"
[1] "Fold 3"
[1] "PB"
[1] "MM"
[1] "EE"
[1] "Maciez"
[1] "pH"
[1] "PAG"
[1] "L"
[1] "a"
[1] "b"
[1] "Fold 4"
[1] "PB"
[1] "MM"
[1] "EE"
[1] "Maciez"
[1] "pH"
[1] "PAG"
